<?xml version="1.0" encoding="UTF-8"?>
<testsuite xmlns:xsi="http://www.w3.org/2001/XMLSchema-instance" xsi:noNamespaceSchemaLocation="https://maven.apache.org/surefire/maven-surefire-plugin/xsd/surefire-test-report-3.0.xsd" version="3.0" name="com.instagram.User.UserServiceTest" time="1.477" tests="8" errors="0" skipped="0" failures="0">
  <properties>
[...]
</properties>
  <testcase name="testFindByUsername_UserExists" classname="com.instagram.User.UserServiceTest" time="1.303"/>
  <testcase name="testFindAll" classname="com.instagram.User.UserServiceTest" time="0.01"/>
  <testcase name="testFindByUserId_UserExists" classname="com.instagram.User.UserServiceTest" time="0.009"/>
  <testcase name="testRegisterUser" classname="com.instagram.User.UserServiceTest" time="0.011"/>
  <testcase name="testFindByUserId_UserDoesNotExist" classname="com.instagram.User.UserServiceTest" time="0.009"/>
  <testcase name="testAuthenticateAndGetToken_NotAuthenticated" classname="com.instagram.User.UserServiceTest" time="0.056"/>
  <testcase name="testAuthenticateAndGetToken_Authenticated" classname="com.instagram.User.UserServiceTest" time="0.007"/>
  <testcase name="testFindByUsername_UserDoesNotExist" classname="com.instagram.User.UserServiceTest" time="0.004"/>
</testsuite>